<?xml version="1.0" encoding="UTF-8"?>
<!-- Generated by org.testng.reporters.JUnitXMLReporter -->
<testsuite ignored="3" hostname="LAP-HO-49965" failures="0" tests="3" name="Car loan" time="0.012" errors="0" timestamp="2025-07-16T14:02:54 IST">
  <testcase classname="testNG.Test3" name="APILohin" time="0.001"/>
  <testcase classname="testNG.Test3" name="webLogin" time="0.001"/>
  <testcase classname="testNG.Test4" name="APILogin" time="0.002"/>
  <testcase classname="testNG.Test4" name="mobileLogin" time="0.0">
    <ignored/>
  </testcase> <!-- mobileLogin -->
  <testcase classname="testNG.Test3" name="mobileLogin1" time="0.0">
    <ignored/>
  </testcase> <!-- mobileLogin1 -->
  <testcase classname="testNG.Test4" name="webLogin" time="0.0">
    <ignored/>
  </testcase> <!-- webLogin -->
</testsuite> <!-- Car loan -->
