<?xml version="1.0" encoding="UTF-8"?>
<!-- Generated by org.testng.reporters.JUnitXMLReporter -->
<testsuite ignored="0" hostname="LAP-HO-49965" failures="0" tests="9" name="Loan" time="0.102" errors="0" timestamp="2025-07-16T14:17:16 IST">
  <testcase classname="testNG.Test1" name="firstTest" time="0.014"/>
  <testcase classname="testNG.Test1" name="secondTest" time="0.002"/>
  <testcase classname="testNG.Test2" name="demo" time="0.002"/>
  <testcase classname="testNG.Test3" name="APILohin" time="0.001"/>
  <testcase classname="testNG.Test3" name="mobileLogin1" time="0.002"/>
  <testcase classname="testNG.Test3" name="webLogin" time="0.002"/>
  <testcase classname="testNG.Test4" name="APILogin" time="0.002"/>
  <testcase classname="testNG.Test4" name="mobileLogin" time="0.002"/>
  <testcase classname="testNG.Test4" name="webLogin" time="0.002"/>
</testsuite> <!-- Loan -->
