<?xml version="1.0" encoding="UTF-8"?>
<!-- Generated by org.testng.reporters.JUnitXMLReporter -->
<testsuite ignored="3" hostname="LAP-HO-49965" failures="0" tests="6" name="Personal loan" time="0.033" errors="0" timestamp="2025-07-17T12:19:02 IST">
  <testcase classname="testNG.Test2" name="lastexecution" time="0.002"/>
  <testcase classname="testNG.Test3" name="mobileLogin1" time="0.001"/>
  <testcase classname="testNG.Test3" name="mobileLogin2" time="0.002"/>
  <testcase classname="testNG.Test3" name="webLogin" time="0.001"/>
  <testcase classname="testNG.Test4" name="mobileLogin" time="0.002"/>
  <testcase classname="testNG.Test4" name="webLogin" time="0.002"/>
  <testcase classname="testNG.Test3" name="APILohin" time="0.0">
    <ignored/>
  </testcase> <!-- APILohin -->
  <testcase classname="testNG.Test2" name="demo" time="0.0">
    <ignored/>
  </testcase> <!-- demo -->
  <testcase classname="testNG.Test4" name="APILogin" time="0.0">
    <ignored/>
  </testcase> <!-- APILogin -->
</testsuite> <!-- Personal loan -->
