<?xml version="1.0" encoding="UTF-8"?>
<!-- Generated by org.testng.reporters.JUnitXMLReporter -->
<testsuite ignored="1" hostname="LAP-HO-49965" failures="0" tests="3" name="test" time="0.1" errors="0" timestamp="2025-07-17T12:19:02 IST">
  <testcase classname="testNG.Test1" name="secondTest" time="0.013"/>
  <testcase classname="testNG.Test1" name="fourthTest" time="0.008"/>
  <testcase classname="testNG.Test1" name="firstTest" time="0.001"/>
  <testcase classname="testNG.Test1" name="thirdTest" time="0.0">
    <ignored/>
  </testcase> <!-- thirdTest -->
</testsuite> <!-- test -->
