<?xml version="1.0" encoding="UTF-8"?>
<!-- Generated by org.testng.reporters.JUnitXMLReporter -->
<testsuite ignored="3" hostname="LAP-HO-49965" failures="0" tests="3" name="Default test" time="0.085" errors="0" timestamp="2025-07-17T14:19:50 IST">
  <testcase classname="testNG.Test3" name="APILohin" time="0.006"/>
  <testcase classname="testNG.Test3" name="APILohin" time="0.002"/>
  <testcase classname="testNG.Test3" name="APILohin" time="0.002"/>
  <testcase classname="testNG.Test3" name="webLogin" time="0.0">
    <ignored/>
  </testcase> <!-- webLogin -->
  <testcase classname="testNG.Test3" name="mobileLogin1" time="0.0">
    <ignored/>
  </testcase> <!-- mobileLogin1 -->
  <testcase classname="testNG.Test3" name="mobileLogin2" time="0.0">
    <ignored/>
  </testcase> <!-- mobileLogin2 -->
</testsuite> <!-- Default test -->
